<?xml version="1.0" encoding="UTF-8"?>
<testsuite name="AuthTest" tests="1" skipped="0" failures="0" errors="0" timestamp="2025-04-09T13:03:54" hostname="DESKTOP-KAA786S" time="1.285">
  <properties/>
  <testcase name="checkSaving()" classname="AuthTest" time="1.285"/>
  <system-out><![CDATA[
  .   ____          _            __ _ _
 /\\ / ___'_ __ _ _(_)_ __  __ _ \ \ \ \
( ( )\___ | '_ | '_| | '_ \/ _` | \ \ \ \
 \\/  ___)| |_)| | | | | || (_| |  ) ) ) )
  '  |____| .__|_| |_|_| |_\__, | / / / /
 =========|_|==============|___/=/_/_/_/

 :: Spring Boot ::                (v3.4.3)

2025-04-09T22:03:42.152+09:00  INFO 462 --- [    Test worker] AuthTest                                 : Starting AuthTest using Java 17.0.14 with PID 462 (started by jeong in /mnt/c/Users/정석찬/Desktop/JAVA/Where_did_we_go)
2025-04-09T22:03:42.157+09:00  INFO 462 --- [    Test worker] AuthTest                                 : No active profile set, falling back to 1 default profile: "default"
2025-04-09T22:03:44.703+09:00  INFO 462 --- [    Test worker] .s.d.r.c.RepositoryConfigurationDelegate : Bootstrapping Spring Data JPA repositories in DEFAULT mode.
2025-04-09T22:03:44.940+09:00  INFO 462 --- [    Test worker] .s.d.r.c.RepositoryConfigurationDelegate : Finished Spring Data repository scanning in 199 ms. Found 1 JPA repository interface.
2025-04-09T22:03:46.618+09:00  INFO 462 --- [    Test worker] o.hibernate.jpa.internal.util.LogHelper  : HHH000204: Processing PersistenceUnitInfo [name: default]
2025-04-09T22:03:46.920+09:00  INFO 462 --- [    Test worker] org.hibernate.Version                    : HHH000412: Hibernate ORM core version 6.6.8.Final
2025-04-09T22:03:47.055+09:00  INFO 462 --- [    Test worker] o.h.c.internal.RegionFactoryInitiator    : HHH000026: Second-level cache disabled
2025-04-09T22:03:48.419+09:00  INFO 462 --- [    Test worker] o.s.o.j.p.SpringPersistenceUnitInfo      : No LoadTimeWeaver setup: ignoring JPA class transformer
2025-04-09T22:03:48.565+09:00  INFO 462 --- [    Test worker] com.zaxxer.hikari.HikariDataSource       : HikariPool-1 - Starting...
2025-04-09T22:03:49.233+09:00  INFO 462 --- [    Test worker] com.zaxxer.hikari.pool.HikariPool        : HikariPool-1 - Added connection conn0: url=jdbc:h2:mem:testdb user=SA
2025-04-09T22:03:49.239+09:00  INFO 462 --- [    Test worker] com.zaxxer.hikari.HikariDataSource       : HikariPool-1 - Start completed.
2025-04-09T22:03:49.416+09:00  INFO 462 --- [    Test worker] org.hibernate.orm.connections.pooling    : HHH10001005: Database info:
	Database JDBC URL [Connecting through datasource 'HikariDataSource (HikariPool-1)']
	Database driver: undefined/unknown
	Database version: 2.3.232
	Autocommit mode: undefined/unknown
	Isolation level: undefined/unknown
	Minimum pool size: undefined/unknown
	Maximum pool size: undefined/unknown
2025-04-09T22:03:51.621+09:00  INFO 462 --- [    Test worker] o.h.e.t.j.p.i.JtaPlatformInitiator       : HHH000489: No JTA platform available (set 'hibernate.transaction.jta.platform' to enable JTA platform integration)
2025-04-09T22:03:51.724+09:00 DEBUG 462 --- [    Test worker] org.hibernate.SQL                        : 
    create table users (
        id bigint generated by default as identity,
        created_at timestamp(6),
        email varchar(255),
        nickname varchar(255),
        password varchar(255),
        primary key (id)
    )
Hibernate: 
    create table users (
        id bigint generated by default as identity,
        created_at timestamp(6),
        email varchar(255),
        nickname varchar(255),
        password varchar(255),
        primary key (id)
    )
2025-04-09T22:03:51.742+09:00  INFO 462 --- [    Test worker] j.LocalContainerEntityManagerFactoryBean : Initialized JPA EntityManagerFactory for persistence unit 'default'
2025-04-09T22:03:52.800+09:00  WARN 462 --- [    Test worker] JpaBaseConfiguration$JpaWebConfiguration : spring.jpa.open-in-view is enabled by default. Therefore, database queries may be performed during view rendering. Explicitly configure spring.jpa.open-in-view to disable this warning
2025-04-09T22:03:52.891+09:00  INFO 462 --- [    Test worker] eAuthenticationProviderManagerConfigurer : Global AuthenticationManager configured with AuthenticationProvider bean with name authenticationProvider
2025-04-09T22:03:54.819+09:00  INFO 462 --- [    Test worker] AuthTest                                 : Started AuthTest in 13.242 seconds (process running for 15.203)
2025-04-09T22:03:55.744+09:00 TRACE 462 --- [    Test worker] o.s.t.i.TransactionInterceptor           : Getting transaction for [org.springframework.data.jpa.repository.support.SimpleJpaRepository.save]
2025-04-09T22:03:55.793+09:00 DEBUG 462 --- [    Test worker] org.hibernate.SQL                        : 
    insert 
    into
        users
        (created_at, email, nickname, password, id) 
    values
        (?, ?, ?, ?, default)
Hibernate: 
    insert 
    into
        users
        (created_at, email, nickname, password, id) 
    values
        (?, ?, ?, ?, default)
2025-04-09T22:03:55.866+09:00 TRACE 462 --- [    Test worker] o.s.t.i.TransactionInterceptor           : Completing transaction for [org.springframework.data.jpa.repository.support.SimpleJpaRepository.save]
2025-04-09T22:03:55.884+09:00 TRACE 462 --- [    Test worker] o.s.t.i.TransactionInterceptor           : No need to create transaction for [org.springframework.data.jpa.repository.support.SimpleJpaRepository.findUserByEmail]: This method is not transactional.
2025-04-09T22:03:56.091+09:00 DEBUG 462 --- [    Test worker] org.hibernate.SQL                        : 
    select
        u1_0.id,
        u1_0.created_at,
        u1_0.email,
        u1_0.nickname,
        u1_0.password 
    from
        users u1_0 
    where
        u1_0.email=?
Hibernate: 
    select
        u1_0.id,
        u1_0.created_at,
        u1_0.email,
        u1_0.nickname,
        u1_0.password 
    from
        users u1_0 
    where
        u1_0.email=?
2025-04-09T22:03:56.121+09:00 TRACE 462 --- [    Test worker] o.s.t.i.TransactionInterceptor           : No need to create transaction for [org.springframework.data.jpa.repository.support.SimpleJpaRepository.findUserByNickname]: This method is not transactional.
2025-04-09T22:03:56.123+09:00 DEBUG 462 --- [    Test worker] org.hibernate.SQL                        : 
    select
        u1_0.id,
        u1_0.created_at,
        u1_0.email,
        u1_0.nickname,
        u1_0.password 
    from
        users u1_0 
    where
        u1_0.nickname=?
Hibernate: 
    select
        u1_0.id,
        u1_0.created_at,
        u1_0.email,
        u1_0.nickname,
        u1_0.password 
    from
        users u1_0 
    where
        u1_0.nickname=?
]]></system-out>
  <system-err><![CDATA[]]></system-err>
</testsuite>
